<?xml version="1.0" encoding="UTF-8"?>
<testsuite xmlns:xsi="http://www.w3.org/2001/XMLSchema-instance" xsi:noNamespaceSchemaLocation="https://maven.apache.org/surefire/maven-surefire-plugin/xsd/surefire-test-report.xsd" version="3.0.2" name="com.andresavilesdev.genmail.GenMailApplicationTests" time="10.858" tests="1" errors="0" skipped="0" failures="0">
  <properties>
[...]
</properties>
  <testcase name="contextLoads" classname="com.andresavilesdev.genmail.GenMailApplicationTests" time="2.201">
    <system-out><![CDATA[14:24:25.056 [main] INFO org.springframework.test.context.support.AnnotationConfigContextLoaderUtils -- Could not detect default configuration classes for test class [com.andresavilesdev.genmail.GenMailApplicationTests]: GenMailApplicationTests does not declare any static, non-private, non-final, nested classes annotated with @Configuration.
14:24:25.569 [main] INFO org.springframework.boot.test.context.SpringBootTestContextBootstrapper -- Found @SpringBootConfiguration com.andresavilesdev.genmail.GenMailApplication for test class com.andresavilesdev.genmail.GenMailApplicationTests
14:24:26.374 [main] INFO org.springframework.boot.devtools.restart.RestartApplicationListener -- Restart disabled due to context in which it is running

  .   ____          _            __ _ _
 /\\ / ___'_ __ _ _(_)_ __  __ _ \ \ \ \
( ( )\___ | '_ | '_| | '_ \/ _` | \ \ \ \
 \\/  ___)| |_)| | | | | || (_| |  ) ) ) )
  '  |____| .__|_| |_|_| |_\__, | / / / /
 =========|_|==============|___/=/_/_/_/

 :: Spring Boot ::                (v3.5.0)

2025-06-20T14:24:27.975-05:00  INFO 12308 --- [           main] c.a.genmail.GenMailApplicationTests      : Starting GenMailApplicationTests using Java 21.0.6 with PID 12308 (started by andre in D:\Programming\Projects\GenMail\Backend)
2025-06-20T14:24:27.987-05:00  INFO 12308 --- [           main] c.a.genmail.GenMailApplicationTests      : No active profile set, falling back to 1 default profile: "default"
2025-06-20T14:24:32.673-05:00  INFO 12308 --- [           main] c.a.genmail.GenMailApplicationTests      : Started GenMailApplicationTests in 6.357 seconds (process running for 11.195)
]]></system-out>
    <system-err><![CDATA[Mockito is currently self-attaching to enable the inline-mock-maker. This will no longer work in future releases of the JDK. Please add Mockito as an agent to your build as described in Mockito's documentation: https://javadoc.io/doc/org.mockito/mockito-core/latest/org.mockito/org/mockito/Mockito.html#0.3
WARNING: A Java agent has been loaded dynamically (C:\Users\andre\.m2\repository\net\bytebuddy\byte-buddy-agent\1.17.5\byte-buddy-agent-1.17.5.jar)
WARNING: If a serviceability tool is in use, please run with -XX:+EnableDynamicAgentLoading to hide this warning
WARNING: If a serviceability tool is not in use, please run with -Djdk.instrument.traceUsage for more information
WARNING: Dynamic loading of agents will be disallowed by default in a future release
]]></system-err>
  </testcase>
</testsuite>